<?xml version="1.0" encoding="UTF-8"?>
<!-- Generated by org.testng.reporters.JUnitReportReporter -->
<testsuite hostname="AMIR-PC" name="com.cottonon.userTest1.mainTest1" tests="3" failures="0" timestamp="22 Aug 2017 19:22:02 GMT" time="41.274" errors="0">
  <testcase name="personaldeteltest" time="9.097" classname="com.cottonon.userTest1.mainTest1"/>
  <testcase name="addres" time="17.811" classname="com.cottonon.userTest1.mainTest1"/>
  <testcase name="wishlist" time="14.366" classname="com.cottonon.userTest1.mainTest1"/>
</testsuite> <!-- com.cottonon.userTest1.mainTest1 -->
