<?xml version="1.0" encoding="UTF-8"?>
<!-- Generated by org.testng.reporters.JUnitReportReporter -->
<testsuite hostname="AMIR-PC" name="com.cottonon.userTest2.mainTest2" tests="1" failures="0" timestamp="22 Aug 2017 19:24:04 GMT" time="2.669" errors="0">
  <testcase name="shopbycategory" time="2.669" classname="com.cottonon.userTest2.mainTest2"/>
</testsuite> <!-- com.cottonon.userTest2.mainTest2 -->
